#[2023-05-06 08:03:00,753: DEBUG/MainProcess] | Worker: Preparing bootsteps.
[2023-05-06 08:03:00,755: DEBUG/MainProcess] | Worker: Building graph...
[2023-05-06 08:03:00,756: DEBUG/MainProcess] | Worker: New boot order: {Timer, Hub, Pool, Autoscaler, Beat, StateDB, Consumer}
[2023-05-06 08:03:00,762: DEBUG/MainProcess] | Consumer: Preparing bootsteps.
[2023-05-06 08:03:00,763: DEBUG/MainProcess] | Consumer: Building graph...
[2023-05-06 08:03:00,789: DEBUG/MainProcess] | Consumer: New boot order: {Connection, Events, Mingle, Gossip, Tasks, Control, Heart, Agent, event loop}
[2023-05-06 08:03:00,820: DEBUG/MainProcess] | Worker: Starting Hub
[2023-05-06 08:03:00,821: DEBUG/MainProcess] ^-- substep ok
[2023-05-06 08:03:00,821: DEBUG/MainProcess] | Worker: Starting Pool
[2023-05-06 08:03:00,963: DEBUG/MainProcess] ^-- substep ok
[2023-05-06 08:03:00,964: DEBUG/MainProcess] | Worker: Starting Consumer
[2023-05-06 08:03:00,964: DEBUG/MainProcess] | Consumer: Starting Connection
[2023-05-06 08:03:01,196: INFO/MainProcess] Connected to redis://redis:6379/0
[2023-05-06 08:03:01,196: DEBUG/MainProcess] ^-- substep ok
[2023-05-06 08:03:01,196: DEBUG/MainProcess] | Consumer: Starting Events
[2023-05-06 08:03:01,199: DEBUG/MainProcess] ^-- substep ok
[2023-05-06 08:03:01,200: DEBUG/MainProcess] | Consumer: Starting Mingle
[2023-05-06 08:03:01,200: INFO/MainProcess] mingle: searching for neighbors
[2023-05-06 08:03:02,213: INFO/MainProcess] mingle: all alone
[2023-05-06 08:03:02,213: DEBUG/MainProcess] ^-- substep ok
[2023-05-06 08:03:02,213: DEBUG/MainProcess] | Consumer: Starting Gossip
[2023-05-06 08:03:02,224: DEBUG/MainProcess] ^-- substep ok
[2023-05-06 08:03:02,225: DEBUG/MainProcess] | Consumer: Starting Tasks
[2023-05-06 08:03:02,236: DEBUG/MainProcess] ^-- substep ok
[2023-05-06 08:03:02,236: DEBUG/MainProcess] | Consumer: Starting Control
[2023-05-06 08:03:02,246: DEBUG/MainProcess] ^-- substep ok
[2023-05-06 08:03:02,247: DEBUG/MainProcess] | Consumer: Starting Heart
[2023-05-06 08:03:02,251: DEBUG/MainProcess] ^-- substep ok
[2023-05-06 08:03:02,251: DEBUG/MainProcess] | Consumer: Starting event loop
[2023-05-06 08:03:02,252: DEBUG/MainProcess] | Worker: Hub.register Pool...
[2023-05-06 08:03:02,254: WARNING/MainProcess] /usr/local/lib/python3.9/site-packages/celery/fixups/django.py:203: UserWarning: Using settings.DEBUG leads to a memory
            leak, never use this setting in production environments!
  warnings.warn('''Using settings.DEBUG leads to a memory

[2023-05-06 08:03:02,255: INFO/MainProcess] celery@6c424ac311f6 ready.
[2023-05-06 08:03:02,255: DEBUG/MainProcess] basic.qos: prefetch_count->8
[2023-05-06 08:04:55,017: INFO/MainProcess] Task netology_pd_diplom.tasks.send_email[54023a78-7d76-49e6-8879-6c9453f51e96] received
[2023-05-06 08:04:55,017: DEBUG/MainProcess] TaskPool: Apply <function fast_trace_task at 0x7fd487e25c10> (args:('netology_pd_diplom.tasks.send_email', '54023a78-7d76-49e6-8879-6c9453f51e96', {'lang': 'py', 'task': 'netology_pd_diplom.tasks.send_email', 'id': '54023a78-7d76-49e6-8879-6c9453f51e96', 'shadow': None, 'eta': None, 'expires': None, 'group': None, 'group_index': None, 'retries': 0, 'timelimit': [None, None], 'root_id': '54023a78-7d76-49e6-8879-6c9453f51e96', 'parent_id': None, 'argsrepr': "('6021185@mail.ru', 'Password Reset Token for 6021185@mail.ru', '3d1fa762bec0aa98ef4088323b69fb1d41ecfbebaf')", 'kwargsrepr': '{}', 'origin': 'gen14@e9980853fb12', 'ignore_result': False, 'properties': {'correlation_id': '54023a78-7d76-49e6-8879-6c9453f51e96', 'reply_to': '031660e6-0e2e-3952-8b31-bdc3e11ae024', 'delivery_mode': 2, 'delivery_info': {'exchange': '', 'routing_key': 'celery'}, 'priority': 0, 'body_encoding': 'base64', 'delivery_tag': '9d209bd1-61a8-4679-be8f-d45025c3752f'}, 'reply_to': '031660e6-0e2e-3952-8b31-bdc3e11ae024', 'correlation_id': '54023a78-7d76-49e6-8879-6c9453f51e96', 'hostname':... kwargs:{})
[2023-05-06 08:04:55,755: INFO/ForkPoolWorker-1] Task netology_pd_diplom.tasks.send_email[54023a78-7d76-49e6-8879-6c9453f51e96] succeeded in 0.7350131959992723s: None
[2023-05-06 08:05:44,615: INFO/MainProcess] Task netology_pd_diplom.tasks.send_email[d7045aba-2258-4059-b8f1-f9fbb8b53d50] received
[2023-05-06 08:05:44,615: DEBUG/MainProcess] TaskPool: Apply <function fast_trace_task at 0x7fd487e25c10> (args:('netology_pd_diplom.tasks.send_email', 'd7045aba-2258-4059-b8f1-f9fbb8b53d50', {'lang': 'py', 'task': 'netology_pd_diplom.tasks.send_email', 'id': 'd7045aba-2258-4059-b8f1-f9fbb8b53d50', 'shadow': None, 'eta': None, 'expires': None, 'group': None, 'group_index': None, 'retries': 0, 'timelimit': [None, None], 'root_id': 'd7045aba-2258-4059-b8f1-f9fbb8b53d50', 'parent_id': None, 'argsrepr': "('6021185@mail.ru', 'Добавление нового контакта', 'Новый контакт добавлен')", 'kwargsrepr': '{}', 'origin': 'gen14@e9980853fb12', 'ignore_result': False, 'properties': {'correlation_id': 'd7045aba-2258-4059-b8f1-f9fbb8b53d50', 'reply_to': '031660e6-0e2e-3952-8b31-bdc3e11ae024', 'delivery_mode': 2, 'delivery_info': {'exchange': '', 'routing_key': 'celery'}, 'priority': 0, 'body_encoding': 'base64', 'delivery_tag': '4cd306f4-a734-42c9-ad13-237e643d97eb'}, 'reply_to': '031660e6-0e2e-3952-8b31-bdc3e11ae024', 'correlation_id': 'd7045aba-2258-4059-b8f1-f9fbb8b53d50', 'hostname': 'celery@6c424ac311f6', 'delivery_info':... kwargs:{})
[2023-05-06 08:05:45,607: INFO/ForkPoolWorker-1] Task netology_pd_diplom.tasks.send_email[d7045aba-2258-4059-b8f1-f9fbb8b53d50] succeeded in 0.9895009909996588s: None
